{"message":"Starting server...","level":"info","timestamp":"2020-10-27T22:58:58.597Z","moduleName":"server"}
{"message":"Starting updater...","level":"info","timestamp":"2020-10-27T22:58:58.598Z","moduleName":"server"}
{"message":"Watching for updates...","level":"info","timestamp":"2020-10-27T22:58:58.598Z","moduleName":"server"}
{"message":{"req":{"method":"GET","url":"https://twitter.www.statshelix.com/api/Tweet/GetTweet?url=https://twitter.com/geofftech/status/1321001660479639552","headers":{}},"header":{"server":"nginx/1.18.0","date":"Tue, 27 Oct 2020 22:58:58 GMT","content-type":"text/plain; charset=utf-8","transfer-encoding":"chunked","connection":"close","access-control-allow-origin":"*","content-encoding":"gzip"},"status":200,"text":" Central Line: 2383 -> 2nd place\nDistrict Line: 3294 -> 1st place\n\n\n(last refreshed: 0.44s ago)"},"level":"info","timestamp":"2020-10-27T22:58:58.891Z","moduleName":"server"}
{"message":{"req":{"method":"GET","url":"https://twitter.www.statshelix.com/api/Tweet/GetTweet?url=https://twitter.com/geofftech/status/1320637628518223872","headers":{}},"header":{"server":"nginx/1.18.0","date":"Tue, 27 Oct 2020 22:58:58 GMT","content-type":"text/plain; charset=utf-8","transfer-encoding":"chunked","connection":"close","access-control-allow-origin":"*","content-encoding":"gzip"},"status":200,"text":"Bakerloo Line: 3937 -> 2nd place\nNorthern Line: 3973 -> 1st place\n\n\n(last refreshed: 0.39s ago)"},"level":"info","timestamp":"2020-10-27T22:58:58.900Z","moduleName":"server"}
{"message":{"req":{"method":"GET","url":"https://twitter.www.statshelix.com/api/Tweet/GetTweet?url=https://twitter.com/geofftech/status/1320637979858247680","headers":{}},"header":{"server":"nginx/1.18.0","date":"Tue, 27 Oct 2020 22:58:58 GMT","content-type":"text/plain; charset=utf-8","transfer-encoding":"chunked","connection":"close","access-control-allow-origin":"*","content-encoding":"gzip"},"status":200,"text":"Jubilee Line: 4473 -> 1st place\n    TfL Rail: 1485 -> 2nd place\n\n\n(last refreshed: 0.36s ago)"},"level":"info","timestamp":"2020-10-27T22:58:58.904Z","moduleName":"server"}
{"message":{"req":{"method":"GET","url":"https://twitter.www.statshelix.com/api/Tweet/GetTweet?url=https://twitter.com/geofftech/status/1321002110801108993","headers":{}},"header":{"server":"nginx/1.18.0","date":"Tue, 27 Oct 2020 22:58:58 GMT","content-type":"text/plain; charset=utf-8","transfer-encoding":"chunked","connection":"close","access-control-allow-origin":"*","content-encoding":"gzip"},"status":200,"text":"Circle Line: 2151 -> 2nd place\n Thameslink: 3914 -> 1st place\n\n\n(last refreshed: 0.45s ago)"},"level":"info","timestamp":"2020-10-27T22:58:58.906Z","moduleName":"server"}
{"message":"Starting server...","level":"info","timestamp":"2020-10-27T22:59:32.629Z","moduleName":"server"}
{"message":"Starting updater...","level":"info","timestamp":"2020-10-27T22:59:32.630Z","moduleName":"server"}
{"message":"Watching for updates...","level":"info","timestamp":"2020-10-27T22:59:32.630Z","moduleName":"server"}
{"message":{"req":{"method":"GET","url":"https://twitter.www.statshelix.com/api/Tweet/GetTweet?url=https://twitter.com/geofftech/status/1320637628518223872","headers":{}},"header":{"server":"nginx/1.18.0","date":"Tue, 27 Oct 2020 22:59:32 GMT","content-type":"text/plain; charset=utf-8","transfer-encoding":"chunked","connection":"close","access-control-allow-origin":"*","content-encoding":"gzip"},"status":200,"text":"Bakerloo Line: 3937 -> 2nd place\nNorthern Line: 3973 -> 1st place\n\n\n(last refreshed: just now)"},"level":"info","timestamp":"2020-10-27T22:59:33.168Z","moduleName":"server"}
{"message":{"req":{"method":"GET","url":"https://twitter.www.statshelix.com/api/Tweet/GetTweet?url=https://twitter.com/geofftech/status/1321001660479639552","headers":{}},"header":{"server":"nginx/1.18.0","date":"Tue, 27 Oct 2020 22:59:32 GMT","content-type":"text/plain; charset=utf-8","transfer-encoding":"chunked","connection":"close","access-control-allow-origin":"*","content-encoding":"gzip"},"status":200,"text":" Central Line: 2383 -> 2nd place\nDistrict Line: 3294 -> 1st place\n\n\n(last refreshed: just now)"},"level":"info","timestamp":"2020-10-27T22:59:33.190Z","moduleName":"server"}
{"message":{"req":{"method":"GET","url":"https://twitter.www.statshelix.com/api/Tweet/GetTweet?url=https://twitter.com/geofftech/status/1320637979858247680","headers":{}},"header":{"server":"nginx/1.18.0","date":"Tue, 27 Oct 2020 22:59:32 GMT","content-type":"text/plain; charset=utf-8","transfer-encoding":"chunked","connection":"close","access-control-allow-origin":"*","content-encoding":"gzip"},"status":200,"text":"Jubilee Line: 4473 -> 1st place\n    TfL Rail: 1485 -> 2nd place\n\n\n(last refreshed: just now)"},"level":"info","timestamp":"2020-10-27T22:59:33.193Z","moduleName":"server"}
{"message":{"req":{"method":"GET","url":"https://twitter.www.statshelix.com/api/Tweet/GetTweet?url=https://twitter.com/geofftech/status/1321002110801108993","headers":{}},"header":{"server":"nginx/1.18.0","date":"Tue, 27 Oct 2020 22:59:32 GMT","content-type":"text/plain; charset=utf-8","transfer-encoding":"chunked","connection":"close","access-control-allow-origin":"*","content-encoding":"gzip"},"status":200,"text":"Circle Line: 2151 -> 2nd place\n Thameslink: 3914 -> 1st place\n\n\n(last refreshed: just now)"},"level":"info","timestamp":"2020-10-27T22:59:33.200Z","moduleName":"server"}
{"message":"Starting server...","level":"info","timestamp":"2020-10-27T22:59:42.172Z","moduleName":"server"}
{"message":"Starting updater...","level":"info","timestamp":"2020-10-27T22:59:42.173Z","moduleName":"server"}
{"message":"Watching for updates...","level":"info","timestamp":"2020-10-27T22:59:42.189Z","moduleName":"server"}
{"message":"{\"req\":{\"method\":\"GET\",\"url\":\"https://twitter.www.statshelix.com/api/Tweet/GetTweet?url=https://twitter.com/geofftech/status/1321002110801108993\",\"headers\":{}},\"header\":{\"server\":\"nginx/1.18.0\",\"date\":\"Tue, 27 Oct 2020 22:59:42 GMT\",\"content-type\":\"text/plain; charset=utf-8\",\"transfer-encoding\":\"chunked\",\"connection\":\"close\",\"access-control-allow-origin\":\"*\",\"content-encoding\":\"gzip\"},\"status\":200,\"text\":\"Circle Line: 2151 -> 2nd place\\n Thameslink: 3914 -> 1st place\\n\\n\\n(last refreshed: just now)\"}","level":"info","timestamp":"2020-10-27T22:59:42.665Z","moduleName":"server"}
{"message":"{\"req\":{\"method\":\"GET\",\"url\":\"https://twitter.www.statshelix.com/api/Tweet/GetTweet?url=https://twitter.com/geofftech/status/1320637979858247680\",\"headers\":{}},\"header\":{\"server\":\"nginx/1.18.0\",\"date\":\"Tue, 27 Oct 2020 22:59:42 GMT\",\"content-type\":\"text/plain; charset=utf-8\",\"transfer-encoding\":\"chunked\",\"connection\":\"close\",\"access-control-allow-origin\":\"*\",\"content-encoding\":\"gzip\"},\"status\":200,\"text\":\"Jubilee Line: 4473 -> 1st place\\n    TfL Rail: 1485 -> 2nd place\\n\\n\\n(last refreshed: just now)\"}","level":"info","timestamp":"2020-10-27T22:59:42.707Z","moduleName":"server"}
{"message":"{\"req\":{\"method\":\"GET\",\"url\":\"https://twitter.www.statshelix.com/api/Tweet/GetTweet?url=https://twitter.com/geofftech/status/1320637628518223872\",\"headers\":{}},\"header\":{\"server\":\"nginx/1.18.0\",\"date\":\"Tue, 27 Oct 2020 22:59:42 GMT\",\"content-type\":\"text/plain; charset=utf-8\",\"transfer-encoding\":\"chunked\",\"connection\":\"close\",\"access-control-allow-origin\":\"*\",\"content-encoding\":\"gzip\"},\"status\":200,\"text\":\"Bakerloo Line: 3937 -> 2nd place\\nNorthern Line: 3973 -> 1st place\\n\\n\\n(last refreshed: just now)\"}","level":"info","timestamp":"2020-10-27T22:59:42.774Z","moduleName":"server"}
{"message":"{\"req\":{\"method\":\"GET\",\"url\":\"https://twitter.www.statshelix.com/api/Tweet/GetTweet?url=https://twitter.com/geofftech/status/1321001660479639552\",\"headers\":{}},\"header\":{\"server\":\"nginx/1.18.0\",\"date\":\"Tue, 27 Oct 2020 22:59:42 GMT\",\"content-type\":\"text/plain; charset=utf-8\",\"transfer-encoding\":\"chunked\",\"connection\":\"close\",\"access-control-allow-origin\":\"*\",\"content-encoding\":\"gzip\"},\"status\":200,\"text\":\" Central Line: 2383 -> 2nd place\\nDistrict Line: 3294 -> 1st place\\n\\n\\n(last refreshed: just now)\"}","level":"info","timestamp":"2020-10-27T22:59:42.875Z","moduleName":"server"}
{"message":"Starting server...","level":"info","timestamp":"2020-10-27T22:59:53.662Z","moduleName":"server"}
{"message":"Starting updater...","level":"info","timestamp":"2020-10-27T22:59:53.663Z","moduleName":"server"}
{"message":"Watching for updates...","level":"info","timestamp":"2020-10-27T22:59:53.664Z","moduleName":"server"}
{"message":"Bakerloo Line: 3937 -> 2nd place\nNorthern Line: 3973 -> 1st place\n\n\n(last refreshed: just now)","level":"info","timestamp":"2020-10-27T22:59:54.136Z","moduleName":"server"}
{"message":"Circle Line: 2151 -> 2nd place\n Thameslink: 3914 -> 1st place\n\n\n(last refreshed: just now)","level":"info","timestamp":"2020-10-27T22:59:54.161Z","moduleName":"server"}
{"message":" Central Line: 2383 -> 2nd place\nDistrict Line: 3294 -> 1st place\n\n\n(last refreshed: just now)","level":"info","timestamp":"2020-10-27T22:59:54.175Z","moduleName":"server"}
{"message":"Jubilee Line: 4473 -> 1st place\n    TfL Rail: 1485 -> 2nd place\n\n\n(last refreshed: just now)","level":"info","timestamp":"2020-10-27T22:59:54.205Z","moduleName":"server"}
{"message":"Starting server...","level":"info","timestamp":"2020-10-27T23:15:21.174Z","moduleName":"server"}
{"message":"Starting updater...","level":"info","timestamp":"2020-10-27T23:15:21.176Z","moduleName":"server"}
{"message":"Watching for updates...","level":"info","timestamp":"2020-10-27T23:15:21.177Z","moduleName":"server"}
{"message":"Starting server...","level":"info","timestamp":"2020-10-27T23:15:37.831Z","moduleName":"server"}
{"message":"Starting updater...","level":"info","timestamp":"2020-10-27T23:15:37.832Z","moduleName":"server"}
{"message":"Watching for updates...","level":"info","timestamp":"2020-10-27T23:15:37.833Z","moduleName":"server"}
{"message":"Adding match Bakerloo Line vs Northern Line","level":"info","timestamp":"2020-10-27T23:15:38.306Z","moduleName":"server"}
{"message":"Adding match Jubilee Line vs     TfL Rail","level":"info","timestamp":"2020-10-27T23:15:38.331Z","moduleName":"server"}
{"message":"Adding match  Central Line vs District Line","level":"info","timestamp":"2020-10-27T23:15:38.332Z","moduleName":"server"}
{"message":"Adding match Circle Line vs  Thameslink","level":"info","timestamp":"2020-10-27T23:15:38.332Z","moduleName":"server"}
{"message":"Adjustments done.","level":"info","timestamp":"2020-10-27T23:15:38.333Z","moduleName":"server"}
{"message":"Starting server...","level":"info","timestamp":"2020-10-27T23:17:17.570Z","moduleName":"server"}
{"message":"Starting updater...","level":"info","timestamp":"2020-10-27T23:17:17.572Z","moduleName":"server"}
{"message":"Watching for updates...","level":"info","timestamp":"2020-10-27T23:17:17.572Z","moduleName":"server"}
{"message":"Adding match Bakerloo Line vs Northern Line","level":"info","timestamp":"2020-10-27T23:17:18.099Z","moduleName":"server"}
{"message":"Adding match Jubilee Line vs TfL Rail","level":"info","timestamp":"2020-10-27T23:17:18.100Z","moduleName":"server"}
{"message":"Adding match Central Line vs District Line","level":"info","timestamp":"2020-10-27T23:17:18.119Z","moduleName":"server"}
{"message":"Adding match Circle Line vs Thameslink","level":"info","timestamp":"2020-10-27T23:17:18.120Z","moduleName":"server"}
{"message":"Adjustments done.","level":"info","timestamp":"2020-10-27T23:17:18.120Z","moduleName":"server"}
{"message":"Starting server...","level":"info","timestamp":"2020-10-27T23:17:29.152Z","moduleName":"server"}
{"message":"Starting updater...","level":"info","timestamp":"2020-10-27T23:17:29.172Z","moduleName":"server"}
{"message":"Watching for updates...","level":"info","timestamp":"2020-10-27T23:17:29.174Z","moduleName":"server"}
{"message":"Starting server...","level":"info","timestamp":"2020-10-27T23:17:50.939Z","moduleName":"server"}
{"message":"Starting updater...","level":"info","timestamp":"2020-10-27T23:17:50.940Z","moduleName":"server"}
{"message":"Watching for updates...","level":"info","timestamp":"2020-10-27T23:17:50.940Z","moduleName":"server"}
{"message":"Starting server...","level":"info","timestamp":"2020-10-27T23:18:11.729Z","moduleName":"server"}
{"message":"Starting updater...","level":"info","timestamp":"2020-10-27T23:18:11.730Z","moduleName":"server"}
{"message":"Watching for updates...","level":"info","timestamp":"2020-10-27T23:18:11.731Z","moduleName":"server"}
{"message":"Starting server...","level":"info","timestamp":"2020-10-27T23:19:26.133Z","moduleName":"server"}
{"message":"Starting updater...","level":"info","timestamp":"2020-10-27T23:19:26.134Z","moduleName":"server"}
{"message":"Watching for updates...","level":"info","timestamp":"2020-10-27T23:19:26.134Z","moduleName":"server"}
{"message":"Starting server...","level":"info","timestamp":"2020-10-27T23:20:08.996Z","moduleName":"server"}
{"message":"Starting updater...","level":"info","timestamp":"2020-10-27T23:20:08.997Z","moduleName":"server"}
{"message":"Watching for updates...","level":"info","timestamp":"2020-10-27T23:20:08.998Z","moduleName":"server"}
{"message":"Starting server...","level":"info","timestamp":"2020-10-27T23:20:15.864Z","moduleName":"server"}
{"message":"Starting updater...","level":"info","timestamp":"2020-10-27T23:20:15.865Z","moduleName":"server"}
{"message":"Watching for updates...","level":"info","timestamp":"2020-10-27T23:20:15.866Z","moduleName":"server"}
{"message":"Starting server...","level":"info","timestamp":"2020-10-27T23:20:31.282Z","moduleName":"server"}
{"message":"Starting updater...","level":"info","timestamp":"2020-10-27T23:20:31.283Z","moduleName":"server"}
{"message":"Watching for updates...","level":"info","timestamp":"2020-10-27T23:20:31.303Z","moduleName":"server"}
{"message":"Starting server...","level":"info","timestamp":"2020-10-27T23:21:09.261Z","moduleName":"server"}
{"message":"Starting updater...","level":"info","timestamp":"2020-10-27T23:21:09.262Z","moduleName":"server"}
{"message":"Watching for updates...","level":"info","timestamp":"2020-10-27T23:21:09.263Z","moduleName":"server"}
{"message":"Starting server...","level":"info","timestamp":"2020-10-27T23:21:16.205Z","moduleName":"server"}
{"message":"Starting updater...","level":"info","timestamp":"2020-10-27T23:21:16.206Z","moduleName":"server"}
{"message":"Watching for updates...","level":"info","timestamp":"2020-10-27T23:21:16.206Z","moduleName":"server"}
{"message":"Starting server...","level":"info","timestamp":"2020-10-27T23:21:30.868Z","moduleName":"server"}
{"message":"Starting updater...","level":"info","timestamp":"2020-10-27T23:21:30.869Z","moduleName":"server"}
{"message":"Watching for updates...","level":"info","timestamp":"2020-10-27T23:21:30.869Z","moduleName":"server"}
{"message":"Starting server...","level":"info","timestamp":"2020-10-27T23:22:34.389Z","moduleName":"server"}
{"message":"Starting updater...","level":"info","timestamp":"2020-10-27T23:22:34.390Z","moduleName":"server"}
{"message":"Watching for updates...","level":"info","timestamp":"2020-10-27T23:22:34.390Z","moduleName":"server"}
{"message":"Adjustments done.","level":"info","timestamp":"2020-10-27T23:22:34.910Z","moduleName":"server"}
{"message":"Starting server...","level":"info","timestamp":"2020-10-27T23:23:13.964Z","moduleName":"server"}
{"message":"Starting updater...","level":"info","timestamp":"2020-10-27T23:23:13.965Z","moduleName":"server"}
{"message":"Watching for updates...","level":"info","timestamp":"2020-10-27T23:23:13.966Z","moduleName":"server"}
{"message":"Adjustments done.","level":"info","timestamp":"2020-10-27T23:23:14.341Z","moduleName":"server"}
{"message":"Starting server...","level":"info","timestamp":"2020-10-27T23:23:38.813Z","moduleName":"server"}
{"message":"Starting updater...","level":"info","timestamp":"2020-10-27T23:23:38.814Z","moduleName":"server"}
{"message":"Watching for updates...","level":"info","timestamp":"2020-10-27T23:23:38.814Z","moduleName":"server"}
{"message":"Adjustments done.","level":"info","timestamp":"2020-10-27T23:23:39.315Z","moduleName":"server"}
{"message":"Starting server...","level":"info","timestamp":"2020-10-27T23:24:23.619Z","moduleName":"server"}
{"message":"Starting updater...","level":"info","timestamp":"2020-10-27T23:24:23.620Z","moduleName":"server"}
{"message":"Watching for updates...","level":"info","timestamp":"2020-10-27T23:24:23.621Z","moduleName":"server"}
{"message":"Adjustments done.","level":"info","timestamp":"2020-10-27T23:24:24.240Z","moduleName":"server"}
{"message":"Starting server...","level":"info","timestamp":"2020-10-27T23:24:45.916Z","moduleName":"server"}
{"message":"Starting updater...","level":"info","timestamp":"2020-10-27T23:24:45.917Z","moduleName":"server"}
{"message":"Watching for updates...","level":"info","timestamp":"2020-10-27T23:24:45.969Z","moduleName":"server"}
{"message":"Adjustments done.","level":"info","timestamp":"2020-10-27T23:24:46.261Z","moduleName":"server"}
{"message":"Starting server...","level":"info","timestamp":"2020-10-27T23:25:13.007Z","moduleName":"server"}
{"message":"Starting updater...","level":"info","timestamp":"2020-10-27T23:25:13.009Z","moduleName":"server"}
{"message":"Watching for updates...","level":"info","timestamp":"2020-10-27T23:25:13.040Z","moduleName":"server"}
{"message":"Adjustments done.","level":"info","timestamp":"2020-10-27T23:25:13.588Z","moduleName":"server"}
{"message":"Starting server...","level":"info","timestamp":"2020-10-27T23:25:42.585Z","moduleName":"server"}
{"message":"Starting updater...","level":"info","timestamp":"2020-10-27T23:25:42.586Z","moduleName":"server"}
{"message":"Watching for updates...","level":"info","timestamp":"2020-10-27T23:25:42.586Z","moduleName":"server"}
{"message":"Adjustments done.","level":"info","timestamp":"2020-10-27T23:25:43.145Z","moduleName":"server"}
{"message":"Starting server...","level":"info","timestamp":"2020-10-27T23:26:06.344Z","moduleName":"server"}
{"message":"Starting updater...","level":"info","timestamp":"2020-10-27T23:26:06.345Z","moduleName":"server"}
{"message":"Watching for updates...","level":"info","timestamp":"2020-10-27T23:26:06.370Z","moduleName":"server"}
{"message":"Adjustments done.","level":"info","timestamp":"2020-10-27T23:26:06.857Z","moduleName":"server"}
{"message":"Starting server...","level":"info","timestamp":"2020-10-27T23:26:18.612Z","moduleName":"server"}
{"message":"Starting updater...","level":"info","timestamp":"2020-10-27T23:26:18.613Z","moduleName":"server"}
{"message":"Watching for updates...","level":"info","timestamp":"2020-10-27T23:26:18.638Z","moduleName":"server"}
{"message":"Adjustments done.","level":"info","timestamp":"2020-10-27T23:26:18.912Z","moduleName":"server"}
{"message":"Starting server...","level":"info","timestamp":"2020-10-27T23:26:28.881Z","moduleName":"server"}
{"message":"Starting updater...","level":"info","timestamp":"2020-10-27T23:26:28.882Z","moduleName":"server"}
{"message":"Watching for updates...","level":"info","timestamp":"2020-10-27T23:26:28.917Z","moduleName":"server"}
{"message":"Adjustments done.","level":"info","timestamp":"2020-10-27T23:26:29.429Z","moduleName":"server"}
{"message":"Starting server...","level":"info","timestamp":"2020-10-27T23:29:50.389Z","moduleName":"server"}
{"message":"Starting updater...","level":"info","timestamp":"2020-10-27T23:29:50.391Z","moduleName":"server"}
{"message":"Watching for updates...","level":"info","timestamp":"2020-10-27T23:29:50.392Z","moduleName":"server"}
{"message":"Starting server...","level":"info","timestamp":"2020-10-27T23:29:57.606Z","moduleName":"server"}
{"message":"Starting updater...","level":"info","timestamp":"2020-10-27T23:29:57.607Z","moduleName":"server"}
{"message":"Watching for updates...","level":"info","timestamp":"2020-10-27T23:29:57.608Z","moduleName":"server"}
{"message":"Adjustments done.","level":"info","timestamp":"2020-10-27T23:30:08.104Z","moduleName":"server"}
{"message":"Adjustments done.","level":"info","timestamp":"2020-10-27T23:30:17.787Z","moduleName":"server"}
{"message":"Adjustments done.","level":"info","timestamp":"2020-10-27T23:30:28.034Z","moduleName":"server"}
{"message":"Starting server...","level":"info","timestamp":"2020-10-27T23:40:30.221Z","moduleName":"server"}
{"message":"Starting updater...","level":"info","timestamp":"2020-10-27T23:40:30.239Z","moduleName":"server"}
{"message":"Watching for updates...","level":"info","timestamp":"2020-10-27T23:40:30.247Z","moduleName":"server"}
{"message":"Listenning on port 6000","level":"info","timestamp":"2020-10-27T23:40:30.253Z","moduleName":"server"}
{"message":"Adjustments done.","level":"info","timestamp":"2020-10-27T23:41:30.509Z","moduleName":"server"}
{"message":"File updated!","level":"info","timestamp":"2020-10-27T23:41:35.343Z","moduleName":"server"}
{"message":"Adjustments done.","level":"info","timestamp":"2020-10-27T23:42:30.447Z","moduleName":"server"}
{"message":"File updated!","level":"info","timestamp":"2020-10-27T23:42:35.435Z","moduleName":"server"}
{"message":"Starting server...","level":"info","timestamp":"2020-10-27T23:44:01.693Z","moduleName":"server"}
{"message":"Starting updater...","level":"info","timestamp":"2020-10-27T23:44:01.694Z","moduleName":"server"}
{"message":"Watching for updates...","level":"info","timestamp":"2020-10-27T23:44:01.695Z","moduleName":"server"}
{"message":"Listenning on port 6000","level":"info","timestamp":"2020-10-27T23:44:01.700Z","moduleName":"server"}
{"message":"Starting server...","level":"info","timestamp":"2020-10-27T23:44:50.780Z","moduleName":"server"}
{"message":"Starting updater...","level":"info","timestamp":"2020-10-27T23:44:50.781Z","moduleName":"server"}
{"message":"Watching for updates...","level":"info","timestamp":"2020-10-27T23:44:50.826Z","moduleName":"server"}
{"message":"Listenning on port 6000","level":"info","timestamp":"2020-10-27T23:44:50.835Z","moduleName":"server"}
{"message":"Adjustments done.","level":"info","timestamp":"2020-10-27T23:45:21.303Z","moduleName":"server"}
{"message":"File updated!","level":"info","timestamp":"2020-10-27T23:45:25.887Z","moduleName":"server"}
{"message":"Adjustments done.","level":"info","timestamp":"2020-10-27T23:45:51.008Z","moduleName":"server"}
{"message":"File updated!","level":"info","timestamp":"2020-10-27T23:45:55.931Z","moduleName":"server"}
{"message":"Adjustments done.","level":"info","timestamp":"2020-10-27T23:46:21.238Z","moduleName":"server"}
{"message":"File updated!","level":"info","timestamp":"2020-10-27T23:46:25.975Z","moduleName":"server"}
{"message":"Adjustments done.","level":"info","timestamp":"2020-10-27T23:46:51.270Z","moduleName":"server"}
{"message":"File updated!","level":"info","timestamp":"2020-10-27T23:46:56.054Z","moduleName":"server"}
{"message":"Adjustments done.","level":"info","timestamp":"2020-10-27T23:47:21.267Z","moduleName":"server"}
{"message":"File updated!","level":"info","timestamp":"2020-10-27T23:47:26.098Z","moduleName":"server"}
{"message":"Adjustments done.","level":"info","timestamp":"2020-10-27T23:47:51.038Z","moduleName":"server"}
{"message":"File updated!","level":"info","timestamp":"2020-10-27T23:47:51.146Z","moduleName":"server"}
{"message":"Adjustments done.","level":"info","timestamp":"2020-10-27T23:48:21.305Z","moduleName":"server"}
{"message":"Starting server...","level":"info","timestamp":"2020-10-27T23:52:13.966Z","moduleName":"server"}
{"message":"Starting updater...","level":"info","timestamp":"2020-10-27T23:52:13.968Z","moduleName":"server"}
{"message":"Watching for updates...","level":"info","timestamp":"2020-10-27T23:52:13.968Z","moduleName":"server"}
{"message":"Listenning on port 6000","level":"info","timestamp":"2020-10-27T23:52:14.008Z","moduleName":"server"}
{"message":"Adjustments done.","level":"info","timestamp":"2020-10-27T23:52:44.340Z","moduleName":"server"}
{"message":"File updated!","level":"info","timestamp":"2020-10-27T23:52:49.050Z","moduleName":"server"}
{"message":"Starting server...","level":"info","timestamp":"2020-10-27T23:53:04.702Z","moduleName":"server"}
{"message":"Starting updater...","level":"info","timestamp":"2020-10-27T23:53:04.703Z","moduleName":"server"}
{"message":"Watching for updates...","level":"info","timestamp":"2020-10-27T23:53:04.704Z","moduleName":"server"}
{"message":"Listenning on port 6000","level":"info","timestamp":"2020-10-27T23:53:04.741Z","moduleName":"server"}
